# JRE version: Java(TM) SE Runtime Environment (8.0_161-b12) (build 1.8.0_161-b12)
# Java VM: Java HotSpot(TM) Client VM (25.161-b12 mixed mode, sharing windows-x86 )
Heap:
 def new generation   total 78656K, used 50033K [0x04e00000, 0x0a350000, 0x0a350000)
  eden space 69952K,  71% used [0x04e00000, 0x07edc738, 0x09250000)
  from space 8704K,   0% used [0x09250000, 0x09250000, 0x09ad0000)
  to   space 8704K,   0% used [0x09ad0000, 0x09ad0000, 0x0a350000)
 tenured generation   total 174784K, used 163848K [0x0a350000, 0x14e00000, 0x14e00000)
   the space 174784K,  93% used [0x0a350000, 0x143522b8, 0x14352400, 0x14e00000)
 Metaspace       used 21815K, capacity 22993K, committed 23040K, reserved 23936K
GC Heap History (10 events):
Event: 169.560 GC heap before
{Heap before GC invocations=486 (full 21):
 def new generation   total 78656K, used 69952K [0x04e00000, 0x0a350000, 0x0a350000)
  eden space 69952K, 100% used [0x04e00000, 0x09250000, 0x09250000)
  from space 8704K,   0% used [0x09ad0000, 0x09ad0000, 0x0a350000)
  to   space 8704K,   0% used [0x09250000, 0x09250000, 0x09ad0000)
 tenured generation   total 174784K, used 166124K [0x0a350000, 0x14e00000, 0x14e00000)
   the space 174784K,  95% used [0x0a350000, 0x1458b258, 0x1458b400, 0x14e00000)
 Metaspace       used 21701K, capacity 22863K, committed 22912K, reserved 22912K
Event: 169.752 GC heap after
Heap after GC invocations=487 (full 22):
 def new generation   total 78656K, used 0K [0x04e00000, 0x0a350000, 0x0a350000)
  eden space 69952K,   0% used [0x04e00000, 0x04e00000, 0x09250000)
  from space 8704K,   0% used [0x09ad0000, 0x09ad0000, 0x0a350000)
  to   space 8704K,   0% used [0x09250000, 0x09250000, 0x09ad0000)
 tenured generation   total 174784K, used 169828K [0x0a350000, 0x14e00000, 0x14e00000)
   the space 174784K,  97% used [0x0a350000, 0x149292c0, 0x14929400, 0x14e00000)
 Metaspace       used 21701K, capacity 22863K, committed 22912K, reserved 22912K
}
Event: 169.977 GC heap before
{Heap before GC invocations=487 (full 22):
 def new generation   total 78656K, used 69952K [0x04e00000, 0x0a350000, 0x0a350000)
  eden space 69952K, 100% used [0x04e00000, 0x09250000, 0x09250000)
  from space 8704K,   0% used [0x09ad0000, 0x09ad0000, 0x0a350000)
  to   space 8704K,   0% used [0x09250000, 0x09250000, 0x09ad0000)
 tenured generation   total 174784K, used 169828K [0x0a350000, 0x14e00000, 0x14e00000)
   the space 174784K,  97% used [0x0a350000, 0x149292c0, 0x14929400, 0x14e00000)
 Metaspace       used 21701K, capacity 22863K, committed 22912K, reserved 22912K
Event: 170.183 GC heap after
Heap after GC invocations=488 (full 23):
 def new generation   total 78656K, used 0K [0x04e00000, 0x0a350000, 0x0a350000)
  eden space 69952K,   0% used [0x04e00000, 0x04e00000, 0x09250000)
  from space 8704K,   0% used [0x09ad0000, 0x09ad0000, 0x0a350000)
  to   space 8704K,   0% used [0x09250000, 0x09250000, 0x09ad0000)
 tenured generation   total 174784K, used 169960K [0x0a350000, 0x14e00000, 0x14e00000)
   the space 174784K,  97% used [0x0a350000, 0x1494a080, 0x1494a200, 0x14e00000)
 Metaspace       used 21701K, capacity 22863K, committed 22912K, reserved 22912K
}
Event: 170.411 GC heap before
{Heap before GC invocations=488 (full 23):
 def new generation   total 78656K, used 69952K [0x04e00000, 0x0a350000, 0x0a350000)
  eden space 69952K, 100% used [0x04e00000, 0x09250000, 0x09250000)
  from space 8704K,   0% used [0x09ad0000, 0x09ad0000, 0x0a350000)
  to   space 8704K,   0% used [0x09250000, 0x09250000, 0x09ad0000)
 tenured generation   total 174784K, used 169960K [0x0a350000, 0x14e00000, 0x14e00000)
   the space 174784K,  97% used [0x0a350000, 0x1494a080, 0x1494a200, 0x14e00000)
 Metaspace       used 21701K, capacity 22863K, committed 22912K, reserved 22912K
Event: 170.601 GC heap after
Heap after GC invocations=489 (full 24):
 def new generation   total 78656K, used 0K [0x04e00000, 0x0a350000, 0x0a350000)
  eden space 69952K,   0% used [0x04e00000, 0x04e00000, 0x09250000)
  from space 8704K,   0% used [0x09ad0000, 0x09ad0000, 0x0a350000)
  to   space 8704K,   0% used [0x09250000, 0x09250000, 0x09ad0000)
 tenured generation   total 174784K, used 158717K [0x0a350000, 0x14e00000, 0x14e00000)
   the space 174784K,  90% used [0x0a350000, 0x13e4f6b8, 0x13e4f800, 0x14e00000)
 Metaspace       used 21701K, capacity 22863K, committed 22912K, reserved 22912K
}
Event: 170.891 GC heap before
{Heap before GC invocations=489 (full 24):
 def new generation   total 78656K, used 69952K [0x04e00000, 0x0a350000, 0x0a350000)
  eden space 69952K, 100% used [0x04e00000, 0x09250000, 0x09250000)
  from space 8704K,   0% used [0x09ad0000, 0x09ad0000, 0x0a350000)
  to   space 8704K,   0% used [0x09250000, 0x09250000, 0x09ad0000)
 tenured generation   total 174784K, used 158717K [0x0a350000, 0x14e00000, 0x14e00000)
   the space 174784K,  90% used [0x0a350000, 0x13e4f6b8, 0x13e4f800, 0x14e00000)
 Metaspace       used 21715K, capacity 22895K, committed 22912K, reserved 22912K
Event: 171.162 GC heap after
Heap after GC invocations=490 (full 25):
 def new generation   total 78656K, used 0K [0x04e00000, 0x0a350000, 0x0a350000)
  eden space 69952K,   0% used [0x04e00000, 0x04e00000, 0x09250000)
  from space 8704K,   0% used [0x09250000, 0x09250000, 0x09ad0000)
  to   space 8704K,   0% used [0x09ad0000, 0x09ad0000, 0x0a350000)
 tenured generation   total 174784K, used 173472K [0x0a350000, 0x14e00000, 0x14e00000)
   the space 174784K,  99% used [0x0a350000, 0x14cb8068, 0x14cb8200, 0x14e00000)
 Metaspace       used 21715K, capacity 22895K, committed 22912K, reserved 22912K
}
Event: 179.877 GC heap before
{Heap before GC invocations=490 (full 25):
 def new generation   total 78656K, used 69952K [0x04e00000, 0x0a350000, 0x0a350000)
  eden space 69952K, 100% used [0x04e00000, 0x09250000, 0x09250000)
  from space 8704K,   0% used [0x09250000, 0x09250000, 0x09ad0000)
  to   space 8704K,   0% used [0x09ad0000, 0x09ad0000, 0x0a350000)
 tenured generation   total 174784K, used 173472K [0x0a350000, 0x14e00000, 0x14e00000)
   the space 174784K,  99% used [0x0a350000, 0x14cb8068, 0x14cb8200, 0x14e00000)
 Metaspace       used 21771K, capacity 22927K, committed 23040K, reserved 23936K
Event: 180.056 GC heap after
Heap after GC invocations=491 (full 26):
 def new generation   total 78656K, used 0K [0x04e00000, 0x0a350000, 0x0a350000)
  eden space 69952K,   0% used [0x04e00000, 0x04e00000, 0x09250000)
  from space 8704K,   0% used [0x09250000, 0x09250000, 0x09ad0000)
  to   space 8704K,   0% used [0x09ad0000, 0x09ad0000, 0x0a350000)
 tenured generation   total 174784K, used 163848K [0x0a350000, 0x14e00000, 0x14e00000)
   the space 174784K,  93% used [0x0a350000, 0x143522b8, 0x14352400, 0x14e00000)
 Metaspace       used 21771K, capacity 22927K, committed 23040K, reserved 23936K
}

